JobId=34054480 JobName=reiling_dijkstra_openmp
   UserId=reiling1(6185837) GroupId=CMSE822_SS24_S001(2887) MCS_label=N/A
   Priority=59866 Nice=0 Account=general QOS=reiling1
   JobState=RUNNING Reason=None Dependency=(null)
   Requeue=1 Restarts=0 BatchFlag=1 Reboot=0 ExitCode=0:0
   RunTime=00:00:06 TimeLimit=02:00:00 TimeMin=N/A
   SubmitTime=2024-04-16T15:05:19 EligibleTime=2024-04-16T15:05:19
   AccrueTime=2024-04-16T15:05:19
   StartTime=2024-04-16T15:05:19 EndTime=2024-04-16T17:05:19 Deadline=N/A
   SuspendTime=None SecsPreSuspend=0 LastSchedEval=2024-04-16T15:05:19 Scheduler=Main
   Partition=general-long-gpu AllocNode:Sid=dev-amd20-v100:35883
   ReqNodeList=(null) ExcNodeList=(null)
   NodeList=nvl-007
   BatchHost=nvl-007
   NumNodes=1 NumCPUs=2 NumTasks=2 CPUs/Task=1 ReqB:S:C:T=0:0:*:*
   ReqTRES=cpu=2,mem=32G,node=1,billing=4980,gres/gpu=1
   AllocTRES=cpu=2,mem=32G,node=1,billing=4980,gres/gpu=1
   Socks/Node=* NtasksPerN:B:S:C=0:0:*:* CoreSpec=*
   MinCPUsNode=1 MinMemoryNode=32G MinTmpDiskNode=0
   Features=[intel14|intel16|intel18|(amr|acm)|nvf|nal|nif] DelayBoot=00:00:00
   OverSubscribe=OK Contiguous=0 Licenses=(null) Network=(null)
   Command=/mnt/ufs18/home-261/reiling1/final-project-JReiling1/dijkstra_sbatch.sb
   WorkDir=/mnt/ufs18/home-261/reiling1/final-project-JReiling1
   Comment=stdout=/mnt/ufs18/home-261/reiling1/final-project-JReiling1/%x.out 
   StdErr=/mnt/ufs18/home-261/reiling1/final-project-JReiling1/reiling_dijkstra_openmp.err
   StdIn=/dev/null
   StdOut=/mnt/ufs18/home-261/reiling1/final-project-JReiling1/reiling_dijkstra_openmp.out
   Power=
   TresPerJob=gres:gpu:v100:1
   

Thread 0: Shortest Path for source node = 0 
Thread 0: Shortest Path for source node = 0 
Vertex 		 Distance from Source
0 				 0
1 				 4
2 				 2147483647
Vertex 		 Distance from Source
3 				 25
4 				 21
5 				 11
6 				 9
0 				 0
1 				 4
7 				 8
2 				 2147483647
3 				 25
4 				 21
5 				 11
6 				 9
7 				 8
8 				 15
8 				 15
Thread 0: Time for shortest path distance: 0.000035 seconds

Thread 0: Shortest Path for source node = 0 
Thread 0: Shortest Path for source node = 1 
Vertex 		 Distance from Source
Vertex 		 Distance from Source
0 				 4
1 				 0
2 				 8
3 				 15
4 				 22
0 				 4
5 				 12
1 				 0
6 				 12
2 				 8
7 				 11
3 				 15
8 				 10
4 				 22
Thread 0: Time for shortest path distance: 0.000033 seconds

Thread 0: Shortest Path for source node = 2 
Vertex 		 Distance from Source
0 				 0
1 				 4
2 				 2147483647
3 				 25
4 				 21
5 				 11
6 				 9
7 				 8
8 				 15
Thread 0: Time for shortest path distance: 0.000033 seconds

Thread 0: Shortest Path for source node = 0 
Vertex 		 Distance from Source
0 				 2147483647
1 				 2147483647
2 				 2147483647
3 				 0
4 				 2147483647
5 				 2147483647
6 				 2147483647
7 				 2147483647
8 				 2147483647
Thread 0: Time for shortest path distance: 0.000035 seconds

Thread 0: Shortest Path for source node = 3 
Vertex 		 Distance from Source
0 				 4
1 				 0
2 				 8
3 				 15
4 				 22
5 				 12
6 				 12
7 				 11
8 				 10
Thread 0: Time for shortest path distance: 0.000033 seconds

Thread 0: Shortest Path for source node = 1 
Vertex 		 Distance from Source
0 				 2147483647
1 				 2147483647
2 				 2147483647
3 				 9
4 				 0
5 				 10
6 				 2147483647
7 				 2147483647
8 				 2147483647
Thread 0: Time for shortest path distance: 0.000033 seconds

Thread 0: Shortest Path for source node = 4 
Vertex 		 Distance from Source
0 				 12
1 				 8
2 				 0
3 				 2147483647
4 				 14
5 				 4
6 				 6
7 				 7
8 				 2
Thread 0: Time for shortest path distance: 0.000033 seconds

Thread 0: Shortest Path for source node = 2 
Vertex 		 Distance from Source
0 				 2147483647
1 				 2147483647
2 				 4
3 				 14
4 				 10
5 				 0
6 				 2
7 				 2147483647
8 				 2147483647
Thread 0: Time for shortest path distance: 0.000034 seconds

Thread 0: Shortest Path for source node = 5 
Vertex 		 Distance from Source
0 				 19
1 				 15
2 				 7
3 				 0
4 				 9
5 				 11
6 				 2147483647
7 				 16
8 				 9
Thread 0: Time for shortest path distance: 0.000033 seconds

Thread 0: Shortest Path for source node = 3 
Vertex 		 Distance from Source
0 				 2147483647
1 				 2147483647
2 				 2147483647
3 				 2147483647
4 				 2147483647
5 				 2
6 				 0
7 				 2147483647
8 				 6
Thread 0: Time for shortest path distance: 0.000034 seconds

Thread 0: Shortest Path for source node = 6 
Vertex 		 Distance from Source
0 				 21
1 				 22
2 				 14
3 				 9
4 				 0
5 				 10
6 				 12
7 				 13
8 				 16
Thread 0: Time for shortest path distance: 0.000034 seconds

Thread 0: Shortest Path for source node = 4 
Vertex 		 Distance from Source
0 				 8
1 				 11
2 				 2147483647
3 				 2147483647
4 				 2147483647
5 				 2147483647
6 				 1
7 				 0
8 				 2147483647
Thread 0: Time for shortest path distance: 0.000034 seconds

Thread 0: Shortest Path for source node = 7 
Vertex 		 Distance from Source
0 				 11
1 				 12
2 				 4
3 				 11
4 				 10
5 				 0
6 				 2
7 				 3
8 				 6
Thread 0: Time for shortest path distance: 0.000033 seconds

Thread 0: Shortest Path for source node = 5 
Vertex 		 Distance from Source
0 				 2147483647
1 				 2147483647
2 				 2
3 				 2147483647
4 				 2147483647
5 				 2147483647
6 				 6
7 				 7
8 				 0
Thread 0: Time for shortest path distance: 0.000033 seconds

Thread 0: Shortest Path for source node = 8 
Vertex 		 Distance from Source
0 				 9
1 				 12
2 				 6
3 				 13
4 				 12
5 				 2
6 				 0
7 				 1
8 				 6
Thread 0: Time for shortest path distance: 0.000033 seconds

Thread 0: Shortest Path for source node = 6 
Vertex 		 Distance from Source
0 				 9
1 				 12
2 				 6
3 				 13
4 				 12
5 				 2
6 				 0
7 				 1
8 				 6
Thread 0: Time for shortest path distance: 0.000033 seconds

Thread 0: Shortest Path for source node = 7 
Vertex 		 Distance from Source
0 				 8
1 				 11
2 				 7
3 				 14
4 				 13
5 				 3
6 				 1
7 				 0
8 				 7
Thread 0: Time for shortest path distance: 0.000031 seconds

Thread 0: Shortest Path for source node = 8 
Vertex 		 Distance from Source
0 				 14
1 				 10
2 				 2
3 				 9
4 				 16
5 				 6
6 				 6
7 				 7
8 				 0
Thread 0: Time for shortest path distance: 0.000031 seconds

Thread 0: Shortest Path for source node = 0 
Vertex 		 Distance from Source
0 				 0
1 				 4
2 				 12
3 				 19
4 				 21
5 				 11
6 				 9
7 				 8
8 				 14
Thread 0: Time for shortest path distance: 0.000034 seconds

Thread 0: Shortest Path for source node = 1 
Vertex 		 Distance from Source
0 				 4
1 				 0
2 				 8
3 				 15
4 				 22
5 				 12
6 				 12
7 				 11
8 				 10
Thread 0: Time for shortest path distance: 0.000031 seconds

Thread 0: Shortest Path for source node = 2 
Vertex 		 Distance from Source
0 				 12
1 				 8
2 				 0
3 				 7
4 				 14
5 				 4
6 				 6
7 				 7
8 				 2
Thread 0: Time for shortest path distance: 0.000031 seconds

Thread 0: Shortest Path for source node = 3 
Vertex 		 Distance from Source
0 				 19
1 				 15
2 				 7
3 				 0
4 				 9
5 				 11
6 				 13
7 				 14
8 				 9
Thread 0: Time for shortest path distance: 0.000031 seconds

Thread 0: Shortest Path for source node = 4 
Vertex 		 Distance from Source
0 				 21
1 				 22
2 				 14
3 				 9
4 				 0
5 				 10
6 				 12
7 				 13
8 				 16
Thread 0: Time for shortest path distance: 0.000031 seconds

Thread 0: Shortest Path for source node = 5 
Vertex 		 Distance from Source
0 				 11
1 				 12
2 				 4
3 				 11
4 				 10
5 				 0
6 				 2
7 				 3
8 				 6
Thread 0: Time for shortest path distance: 0.000031 seconds

Thread 0: Shortest Path for source node = 6 
Vertex 		 Distance from Source
0 				 9
1 				 12
2 				 6
3 				 13
4 				 12
5 				 2
6 				 0
7 				 1
8 				 6
Thread 0: Time for shortest path distance: 0.000031 seconds

Thread 0: Shortest Path for source node = 7 
Vertex 		 Distance from Source
0 				 8
1 				 11
2 				 7
3 				 14
4 				 13
5 				 3
6 				 1
7 				 0
8 				 7
Thread 0: Time for shortest path distance: 0.000031 seconds

Thread 0: Shortest Path for source node = 8 
Vertex 		 Distance from Source
0 				 14
1 				 10
2 				 2
3 				 9
4 				 16
5 				 6
6 				 6
7 				 7
8 				 0
Thread 0: Time for shortest path distance: 0.000031 seconds

Thread 0: Shortest Path for source node = 0 
Vertex 		 Distance from Source
0 				 0
1 				 4
2 				 12
3 				 19
4 				 21
5 				 11
6 				 9
7 				 8
8 				 14
Thread 0: Time for shortest path distance: 0.000034 seconds

Thread 0: Shortest Path for source node = 1 
Vertex 		 Distance from Source
0 				 4
1 				 0
2 				 8
3 				 15
4 				 22
5 				 12
6 				 12
7 				 11
8 				 10
Thread 0: Time for shortest path distance: 0.000031 seconds

Thread 0: Shortest Path for source node = 2 
Vertex 		 Distance from Source
0 				 12
1 				 8
2 				 0
3 				 7
4 				 14
5 				 4
6 				 6
7 				 7
8 				 2
Thread 0: Time for shortest path distance: 0.000031 seconds

Thread 0: Shortest Path for source node = 3 
Vertex 		 Distance from Source
0 				 19
1 				 15
2 				 7
3 				 0
4 				 9
5 				 11
6 				 13
7 				 14
8 				 9
Thread 0: Time for shortest path distance: 0.000031 seconds

Thread 0: Shortest Path for source node = 4 
Vertex 		 Distance from Source
0 				 21
1 				 22
2 				 14
3 				 9
4 				 0
5 				 10
6 				 12
7 				 13
8 				 16
Thread 0: Time for shortest path distance: 0.000031 seconds

Thread 0: Shortest Path for source node = 5 
Vertex 		 Distance from Source
0 				 11
1 				 12
2 				 4
3 				 11
4 				 10
5 				 0
6 				 2
7 				 3
8 				 6
Thread 0: Time for shortest path distance: 0.000031 seconds

Thread 0: Shortest Path for source node = 6 
Vertex 		 Distance from Source
0 				 9
1 				 12
2 				 6
3 				 13
4 				 12
5 				 2
6 				 0
7 				 1
8 				 6
Thread 0: Time for shortest path distance: 0.000031 seconds

Thread 0: Shortest Path for source node = 7 
Vertex 		 Distance from Source
0 				 0
1 				 4
2 				 12
3 				 19
4 				 21
5 				 11
6 				 9
7 				 8
8 				 14
Thread 0: Time for shortest path distance: 0.000031 seconds

Thread 0: Shortest Path for source node = 0 
Vertex 		 Distance from Source
0 				 2147483647
1 				 2147483647
2 				 2
3 				 2147483647
4 				 2147483647
5 				 2147483647
6 				 6
7 				 7
8 				 0
Thread 0: Time for shortest path distance: 0.000033 seconds

Thread 0: Shortest Path for source node = 8 
Vertex 		 Distance from Source
0 				 4
1 				 0
2 				 8
3 				 15
4 				 2147483647
5 				 12
6 				 12
7 				 11
8 				 10
Thread 0: Time for shortest path distance: 0.000033 seconds

Thread 0: Shortest Path for source node = 1 
Vertex 		 Distance from Source
0 				 4
1 				 0
2 				 8
3 				 15
4 				 22
5 				 12
6 				 12
7 				 11
8 				 10
Thread 0: Time for shortest path distance: 0.000033 seconds

5 				 12
6 				 2147483647
7 				 2147483647
8 				 2
Thread 0: Time for shortest path distance: 0.000035 seconds

Thread 0: Shortest Path for source node = 2 
Vertex 		 Distance from Source
0 				 4
1 				 0
2 				 8
3 				 15
4 				 22
5 				 12
6 				 12
7 				 11
8 				 10
Thread 0: Time for shortest path distance: 0.000032 seconds

Thread 0: Shortest Path for source node = 1 
Vertex 		 Distance from Source
0 				 2147483647
1 				 2147483647
2 				 7
3 				 0
4 				 9
5 				 14
6 				 2147483647
7 				 2147483647
8 				 2147483647
Thread 0: Time for shortest path distance: 0.000033 seconds

Thread 0: Shortest Path for source node = 3 
Vertex 		 Distance from Source
0 				 12
1 				 8
2 				 0
3 				 7
4 				 14
5 				 4
6 				 6
7 				 7
8 				 2
Thread 0: Time for shortest path distance: 0.000032 seconds

Thread 0: Shortest Path for source node = 2 
Vertex 		 Distance from Source
0 				 2147483647
1 				 2147483647
2 				 2147483647
3 				 9
4 				 0
5 				 10
6 				 2147483647
7 				 2147483647
8 				 2147483647
Thread 0: Time for shortest path distance: 0.000033 seconds

Thread 0: Shortest Path for source node = 4 
Vertex 		 Distance from Source
0 				 22
1 				 15
2 				 7
3 				 0
4 				 9
5 				 11
6 				 13
7 				 14
8 				 9
Thread 0: Time for shortest path distance: 0.000033 seconds

Thread 0: Shortest Path for source node = 3 
Vertex 		 Distance from Source
0 				 2147483647
1 				 2147483647
2 				 4
3 				 14
4 				 10
5 				 0
6 				 2
7 				 2147483647
8 				 2147483647
Thread 0: Time for shortest path distance: 0.000033 seconds

Thread 0: Shortest Path for source node = 5 
Vertex 		 Distance from Source
0 				 26
1 				 22
2 				 14
3 				 9
4 				 0
5 				 10
6 				 2147483647
7 				 23
8 				 16
Thread 0: Time for shortest path distance: 0.000032 seconds

Thread 0: Shortest Path for source node = 4 
Vertex 		 Distance from Source
0 				 2147483647
1 				 2147483647
2 				 2147483647
3 				 2147483647
4 				 2147483647
5 				 2
6 				 0
7 				 1
8 				 6
Thread 0: Time for shortest path distance: 0.000033 seconds

Thread 0: Shortest Path for source node = 6 
Vertex 		 Distance from Source
0 				 11
1 				 12
2 				 4
3 				 11
4 				 10
5 				 0
6 				 2
7 				 3
8 				 6
Thread 0: Time for shortest path distance: 0.000033 seconds

Thread 0: Shortest Path for source node = 5 
Vertex 		 Distance from Source
0 				 8
1 				 11
2 				 2147483647
3 				 2147483647
4 				 2147483647
5 				 2147483647
6 				 1
7 				 0
8 				 7
Thread 0: Time for shortest path distance: 0.000033 seconds

Thread 0: Shortest Path for source node = 7 
Vertex 		 Distance from Source
0 				 9
1 				 12
2 				 6
3 				 13
4 				 12
5 				 2
6 				 0
7 				 1
8 				 6
Thread 0: Time for shortest path distance: 0.000033 seconds

Thread 0: Shortest Path for source node = 6 
Vertex 		 Distance from Source
0 				 2147483647
1 				 2147483647
2 				 2
3 				 2147483647
4 				 2147483647
5 				 2147483647
6 				 6
7 				 7
8 				 0
Thread 0: Time for shortest path distance: 0.000033 seconds

Thread 0: Shortest Path for source node = 8 
Vertex 		 Distance from Source
0 				 8
1 				 11
2 				 7
3 				 14
4 				 13
5 				 3
6 				 1
7 				 0
8 				 7
Thread 0: Time for shortest path distance: 0.000033 seconds

Thread 0: Shortest Path for source node = 7 
Vertex 		 Distance from Source
0 				 8
1 				 11
2 				 7
3 				 14
4 				 13
5 				 3
6 				 1
7 				 0
8 				 7
Thread 0: Time for shortest path distance: 0.000033 seconds

Thread 0: Shortest Path for source node = 8 
Vertex 		 Distance from Source
0 				 14
1 				 10
2 				 2
3 				 9
4 				 16
5 				 6
6 				 6
7 				 7
8 				 0
Thread 0: Time for shortest path distance: 0.000031 seconds

Thread 0: Time for shortest path distance: 0.000035 seconds

Thread 0: Shortest Path for source node = 0 
Thread 0: Shortest Path for source node = 0 
Vertex 		 Distance from Source
0 				 4
1 				 0
2 				 8
3 				 2147483647
4 				 2147483647
5 				 2147483647
6 				 2147483647
7 				 11
8 				 2147483647
Thread 0: Time for shortest path distance: 0.000034 seconds

Thread 0: Shortest Path for source node = 1 
Vertex 		 Distance from Source
0 				 4
1 				 0
2 				 2147483647
3 				 28
4 				 24
5 				 14
6 				 12
7 				 11
8 				 18
Thread 0: Time for shortest path distance: 0.000033 seconds

Thread 0: Shortest Path for source node = 1 
Vertex 		 Distance from Source
0 				 2147483647
1 				 8
2 				 0
3 				 7
4 				 2147483647
5 				 4
6 				 8
7 				 9
8 				 2
Thread 0: Time for shortest path distance: 0.000033 seconds

Thread 0: Shortest Path for source node = 2 
Vertex 		 Distance from Source
0 				 12
1 				 8
2 				 0
3 				 7
4 				 16
5 				 2147483647
6 				 8
7 				 9
8 				 2
Thread 0: Time for shortest path distance: 0.000033 seconds

Thread 0: Shortest Path for source node = 2 
Vertex 		 Distance from Source
0 				 2147483647
1 				 15
2 				 7
3 				 0
4 				 9
5 				 11
6 				 2147483647
7 				 2147483647
8 				 9
Thread 0: Time for shortest path distance: 0.000033 seconds

Thread 0: Shortest Path for source node = 3 
Vertex 		 Distance from Source
0 				 2147483647
1 				 15
2 				 7
3 				 0
4 				 9
5 				 11
6 				 13
7 				 14
8 				 2147483647
Thread 0: Time for shortest path distance: 0.000033 seconds

Thread 0: Shortest Path for source node = 3 
Vertex 		 Distance from Source
0 				 2147483647
1 				 2147483647
2 				 16
3 				 9
4 				 0
5 				 10
6 				 2147483647
7 				 2147483647
8 				 2147483647
Thread 0: Time for shortest path distance: 0.000033 seconds

Thread 0: Shortest Path for source node = 4 
Vertex 		 Distance from Source
0 				 2147483647
1 				 24
2 				 16
3 				 9
4 				 0
5 				 2147483647
6 				 24
7 				 25
8 				 18
Thread 0: Time for shortest path distance: 0.000033 seconds

Thread 0: Shortest Path for source node = 4 
Vertex 		 Distance from Source
0 				 11
1 				 12
2 				 4
3 				 11
4 				 10
5 				 0
6 				 2
7 				 3
8 				 6
Thread 0: Time for shortest path distance: 0.000040 seconds

Thread 0: Shortest Path for source node = 5 
Vertex 		 Distance from Source
0 				 11
1 				 12
2 				 4
3 				 11
4 				 10
5 				 0
6 				 2
7 				 3
8 				 6
Thread 0: Time for shortest path distance: 0.000037 seconds

Thread 0: Shortest Path for source node = 5 
Vertex 		 Distance from Source
0 				 9
1 				 12
2 				 6
3 				 16
4 				 12
5 				 2
6 				 0
7 				 1
8 				 6
Thread 0: Time for shortest path distance: 0.000033 seconds

Thread 0: Shortest Path for source node = 6 
Vertex 		 Distance from Source
0 				 9
1 				 12
2 				 6
3 				 13
4 				 12
5 				 2
6 				 0
7 				 1
8 				 2147483647
Thread 0: Time for shortest path distance: 0.000032 seconds

Thread 0: Shortest Path for source node = 6 
Vertex 		 Distance from Source
0 				 8
1 				 11
2 				 7
3 				 17
4 				 13
5 				 3
6 				 1
7 				 0
8 				 7
Thread 0: Time for shortest path distance: 0.000032 seconds

Thread 0: Shortest Path for source node = 7 
Vertex 		 Distance from Source
0 				 8
1 				 11
2 				 7
3 				 14
4 				 13
5 				 3
6 				 1
7 				 0
8 				 2147483647
Thread 0: Time for shortest path distance: 0.000032 seconds

Thread 0: Shortest Path for source node = 7 
Vertex 		 Distance from Source
0 				 2147483647
1 				 10
2 				 2
3 				 9
4 				 2147483647
5 				 6
6 				 6
7 				 7
8 				 0
Thread 0: Time for shortest path distance: 0.000033 seconds

Thread 0: Shortest Path for source node = 8 
Vertex 		 Distance from Source
0 				 2147483647
1 				 2147483647
2 				 2147483647
3 				 2147483647
4 				 2147483647
5 				 2147483647
6 				 6
7 				 7
8 				 0
Thread 0: Time for shortest path distance: 0.000032 seconds

Thread 0: Shortest Path for source node = 8 
Vertex 		 Distance from Source
0 				 14
1 				 10
2 				 2
3 				 9
4 				 16
5 				 6
6 				 6
7 				 7
8 				 0
Thread 0: Time for shortest path distance: 0.000032 seconds

Vertex 		 Distance from Source
0 				 14
1 				 10
2 				 2
3 				 9
4 				 16
5 				 6
6 				 6
7 				 7
8 				 0
Thread 0: Time for shortest path distance: 0.000033 seconds

Thread 0: Shortest Path for source node = 1 
Vertex 		 Distance from Source
0 				 4
1 				 0
2 				 8
3 				 15
4 				 22
5 				 12
6 				 12
7 				 11
8 				 10
Thread 0: Time for shortest path distance: 0.000031 seconds

Thread 0: Shortest Path for source node = 2 
Vertex 		 Distance from Source
0 				 12
1 				 8
2 				 0
3 				 7
4 				 14
5 				 4
6 				 6
7 				 7
8 				 2
Thread 0: Time for shortest path distance: 0.000031 seconds

Thread 0: Shortest Path for source node = 3 
Vertex 		 Distance from Source
0 				 19
1 				 15
2 				 7
3 				 0
4 				 9
5 				 11
6 				 13
7 				 14
8 				 9
Thread 0: Time for shortest path distance: 0.000031 seconds

Thread 0: Shortest Path for source node = 4 
Vertex 		 Distance from Source
0 				 21
1 				 22
2 				 14
3 				 9
4 				 0
5 				 10
6 				 12
7 				 13
8 				 16
Thread 0: Time for shortest path distance: 0.000031 seconds

Thread 0: Shortest Path for source node = 5 
Vertex 		 Distance from Source
0 				 11
1 				 12
2 				 4
3 				 11
4 				 10
5 				 0
6 				 2
7 				 3
8 				 6
Thread 0: Time for shortest path distance: 0.000031 seconds

Thread 0: Shortest Path for source node = 6 
Vertex 		 Distance from Source
0 				 9
1 				 12
2 				 6
3 				 13
4 				 12
5 				 2
6 				 0
7 				 1
8 				 6
Thread 0: Time for shortest path distance: 0.000031 seconds

Thread 0: Shortest Path for source node = 7 
Vertex 		 Distance from Source
0 				 8
1 				 11
2 				 7
3 				 14
4 				 13
5 				 3
6 				 1
7 				 0
8 				 7
Thread 0: Time for shortest path distance: 0.000037 seconds

Thread 0: Shortest Path for source node = 8 
Vertex 		 Distance from Source
0 				 14
1 				 10
2 				 2
3 				 9
4 				 16
5 				 6
6 				 6
7 				 7
8 				 0
Thread 0: Time for shortest path distance: 0.000039 seconds

