JobId=34202035 JobName=reiling_dijkstra_serial
   UserId=reiling1(6185837) GroupId=CMSE822_SS24_S001(2887) MCS_label=N/A
   Priority=59003 Nice=0 Account=general QOS=reiling1
   JobState=RUNNING Reason=None Dependency=(null)
   Requeue=1 Restarts=0 BatchFlag=1 Reboot=0 ExitCode=0:0
   RunTime=00:00:04 TimeLimit=02:00:00 TimeMin=N/A
   SubmitTime=2024-04-18T09:38:52 EligibleTime=2024-04-18T09:38:52
   AccrueTime=2024-04-18T09:38:52
   StartTime=2024-04-18T09:38:58 EndTime=2024-04-18T11:38:58 Deadline=N/A
   SuspendTime=None SecsPreSuspend=0 LastSchedEval=2024-04-18T09:38:58 Scheduler=Main
   Partition=general-short AllocNode:Sid=dev-amd20-v100:201885
   ReqNodeList=(null) ExcNodeList=(null)
   NodeList=nvl-000
   BatchHost=nvl-000
   NumNodes=1 NumCPUs=2 NumTasks=2 CPUs/Task=1 ReqB:S:C:T=0:0:*:*
   ReqTRES=cpu=2,mem=32G,node=1,billing=4980,gres/gpu=1
   AllocTRES=cpu=2,mem=32G,node=1,billing=4980,gres/gpu=1
   Socks/Node=* NtasksPerN:B:S:C=0:0:*:* CoreSpec=*
   MinCPUsNode=1 MinMemoryNode=32G MinTmpDiskNode=0
   Features=[intel14|intel16|intel18|(amr|acm)|nvf|nal|nif] DelayBoot=00:00:00
   OverSubscribe=OK Contiguous=0 Licenses=(null) Network=(null)
   Command=/mnt/ufs18/home-261/reiling1/final-project-JReiling1/dijkstra_sbatch.sb
   WorkDir=/mnt/ufs18/home-261/reiling1/final-project-JReiling1
   Comment=stdout=/mnt/ufs18/home-261/reiling1/final-project-JReiling1/%x.out 
   StdErr=/mnt/ufs18/home-261/reiling1/final-project-JReiling1/reiling_dijkstra_serial.err
   StdIn=/dev/null
   StdOut=/mnt/ufs18/home-261/reiling1/final-project-JReiling1/reiling_dijkstra_serial.out
   Power=
   TresPerJob=gres:gpu:v100:1
   MailUser=reiling1@msu.edu MailType=INVALID_DEPEND,BEGIN,END,FAIL,REQUEUE,STAGE_OUT
   

