dijkstra_openMP: In function `_fini':
(.fini+0x0): multiple definition of `_fini'
/usr/lib/gcc/x86_64-redhat-linux/4.8.5/../../../../lib64/crti.o:(.fini+0x0): first defined here
dijkstra_openMP: In function `data_start':
(.data+0x0): multiple definition of `__data_start'
/usr/lib/gcc/x86_64-redhat-linux/4.8.5/../../../../lib64/crt1.o:(.data+0x0): first defined here
dijkstra_openMP: In function `data_start':
(.data+0x8): multiple definition of `__dso_handle'
/usr/lib/gcc/x86_64-redhat-linux/4.8.5/crtbegin.o:(.rodata+0x0): first defined here
dijkstra_openMP:(.rodata+0x0): multiple definition of `_IO_stdin_used'
/usr/lib/gcc/x86_64-redhat-linux/4.8.5/../../../../lib64/crt1.o:(.rodata.cst4+0x0): first defined here
dijkstra_openMP: In function `_start':
(.text+0x0): multiple definition of `_start'
/usr/lib/gcc/x86_64-redhat-linux/4.8.5/../../../../lib64/crt1.o:(.text+0x0): first defined here
dijkstra_openMP: In function `_init':
(.init+0x0): multiple definition of `_init'
/usr/lib/gcc/x86_64-redhat-linux/4.8.5/../../../../lib64/crti.o:(.init+0x0): first defined here
/usr/lib/gcc/x86_64-redhat-linux/4.8.5/crtend.o:(.tm_clone_table+0x0): multiple definition of `__TMC_END__'
dijkstra_openMP:(.data+0x10): first defined here
/usr/bin/ld: error in dijkstra_openMP(.eh_frame); no .eh_frame_hdr table will be created.
collect2: error: ld returned 1 exit status
